Host added: /Users/fitz/.ssh/known_hosts ([127.0.0.1]:50906)
pod "devopsdays-workers-8475685664-ssdxn" deleted
pod "devopsdays-workers-8475685664-dqvgv" deleted
pod "devopsdays-workers-8475685664-6j8gw" deleted
Host added: /Users/fitz/.ssh/known_hosts ([127.0.0.1]:50906)
pod "devopsdays-workers-8475685664-h9xg8" deleted
pod "devopsdays-workers-8475685664-xlzfz" deleted
pod "devopsdays-workers-8475685664-tplws" deleted
pod "devopsdays-workers-8475685664-rwb5n" deleted
pod "devopsdays-workers-8475685664-9zgc6" deleted
pod "devopsdays-workers-8475685664-zlm2f" deleted
pod "devopsdays-workers-8475685664-qjr49" deleted
pod "devopsdays-workers-8475685664-9ldqn" deleted
pod "devopsdays-workers-8475685664-l7l2k" deleted
pod "devopsdays-workers-8475685664-57cwq" deleted
pod "devopsdays-workers-8475685664-rrkx4" deleted
pod "devopsdays-workers-8475685664-qxj8x" deleted
pod "devopsdays-workers-8475685664-mh6xg" deleted
pod "devopsdays-workers-8475685664-fqft4" deleted
pod "devopsdays-workers-8475685664-kqgw5" deleted
pod "devopsdays-workers-8475685664-6qwtn" deleted
pod "devopsdays-workers-8475685664-57gn2" deleted
pod "devopsdays-workers-8475685664-kd4pl" deleted
pod "devopsdays-workers-8475685664-qnlpv" deleted
pod "devopsdays-workers-8475685664-7nj58" deleted
pod "devopsdays-workers-8475685664-mxxl9" deleted
pod "devopsdays-workers-8475685664-2dqln" deleted
pod "devopsdays-workers-8475685664-bwzzr" deleted
pod "devopsdays-workers-8475685664-pblk5" deleted
pod "devopsdays-workers-8475685664-s7bwh" deleted
pod "devopsdays-workers-8475685664-qg2x2" deleted
pod "devopsdays-workers-8475685664-68dkv" deleted
pod "devopsdays-workers-8475685664-6g7tj" deleted
pod "devopsdays-workers-8475685664-6r585" deleted
pod "devopsdays-workers-8475685664-vsds7" deleted
pod "devopsdays-workers-8475685664-67v8l" deleted
pod "devopsdays-workers-8475685664-lpx27" deleted
pod "devopsdays-workers-8475685664-spsq2" deleted
pod "devopsdays-workers-8475685664-2ztgl" deleted
pod "devopsdays-workers-8475685664-hvbr7" deleted
pod "devopsdays-workers-8475685664-5g7k5" deleted
pod "devopsdays-workers-8475685664-hf9dg" deleted
pod "devopsdays-workers-8475685664-zct58" deleted
pod "devopsdays-workers-8475685664-dfd6b" deleted
pod "devopsdays-workers-8475685664-jbjp5" deleted
pod "devopsdays-workers-8475685664-jljzg" deleted
pod "devopsdays-workers-8475685664-hzn68" deleted
pod "devopsdays-workers-8475685664-x5dbz" deleted
pod "devopsdays-workers-8475685664-wrbkb" deleted
pod "devopsdays-workers-8475685664-mffcp" deleted
pod "devopsdays-workers-8475685664-76gdg" deleted
pod "devopsdays-workers-8475685664-n44rn" deleted
pod "devopsdays-workers-8475685664-qbpt2" deleted
pod "devopsdays-workers-8475685664-sbrjj" deleted
pod "devopsdays-workers-8475685664-n6z55" deleted
pod "devopsdays-workers-8475685664-zmzwl" deleted
pod "devopsdays-workers-8475685664-fp7pj" deleted
pod "devopsdays-workers-8475685664-mmlds" deleted
pod "devopsdays-workers-8475685664-8d444" deleted
pod "devopsdays-workers-8475685664-ks8jp" deleted
pod "devopsdays-workers-8475685664-pjghc" deleted
pod "devopsdays-workers-8475685664-wxx6x" deleted
pod "devopsdays-workers-8475685664-8nfl9" deleted
pod "devopsdays-workers-8475685664-hqz8h" deleted
pod "devopsdays-workers-8475685664-j498q" deleted
pod "devopsdays-workers-8475685664-2x42c" deleted
pod "devopsdays-workers-8475685664-2v84d" deleted
pod "devopsdays-workers-8475685664-w5mq5" deleted
pod "devopsdays-workers-8475685664-z5c4j" deleted
pod "devopsdays-workers-8475685664-b8zh6" deleted
pod "devopsdays-workers-8475685664-l9jfq" deleted
pod "devopsdays-workers-8475685664-5jkc5" deleted
pod "devopsdays-workers-8475685664-74qps" deleted
pod "devopsdays-workers-8475685664-kvs8f" deleted
pod "devopsdays-workers-8475685664-kkqq9" deleted
pod "devopsdays-workers-8475685664-pmstq" deleted
pod "devopsdays-workers-8475685664-wc99b" deleted
pod "devopsdays-workers-8475685664-jlzv5" deleted
pod "devopsdays-workers-8475685664-tmp2x" deleted
pod "devopsdays-workers-8475685664-m7pcq" deleted
pod "devopsdays-workers-8475685664-fj7vr" deleted
pod "devopsdays-workers-8475685664-gzlgp" deleted
pod "devopsdays-workers-8475685664-hxshx" deleted
pod "devopsdays-workers-8475685664-s7dp6" deleted
pod "devopsdays-workers-8475685664-jdh22" deleted
pod "devopsdays-workers-8475685664-42h6m" deleted
pod "devopsdays-workers-8475685664-fzjsz" deleted
pod "devopsdays-workers-8475685664-cdq6d" deleted
pod "devopsdays-workers-8475685664-2r4b8" deleted
pod "devopsdays-workers-8475685664-jvz7g" deleted
pod "devopsdays-workers-8475685664-l27m2" deleted
pod "devopsdays-workers-8475685664-2dqkb" deleted
pod "devopsdays-workers-8475685664-l2sc9" deleted
pod "devopsdays-workers-8475685664-mg9x2" deleted
pod "devopsdays-workers-8475685664-rdm2t" deleted
pod "devopsdays-workers-8475685664-twn24" deleted
pod "devopsdays-workers-8475685664-2f8qr" deleted
pod "devopsdays-workers-8475685664-rbd59" deleted
pod "devopsdays-workers-8475685664-9x96v" deleted
pod "devopsdays-workers-8475685664-zp5zt" deleted
pod "devopsdays-workers-8475685664-76qx5" deleted
pod "devopsdays-workers-8475685664-zjqxn" deleted
pod "devopsdays-workers-8475685664-lkxxx" deleted
pod "devopsdays-workers-8475685664-2nx56" deleted
pod "devopsdays-workers-8475685664-tv4dh" deleted
pod "devopsdays-workers-8475685664-mh4tp" deleted
pod "devopsdays-workers-8475685664-s2kq4" deleted
pod "devopsdays-workers-8475685664-zqg65" deleted
pod "devopsdays-workers-8475685664-sg8db" deleted
pod "devopsdays-workers-8475685664-7tl9x" deleted
pod "devopsdays-workers-8475685664-7hdc8" deleted
pod "devopsdays-workers-8475685664-gk9md" deleted
pod "devopsdays-workers-8475685664-vttqp" deleted
pod "devopsdays-workers-8475685664-kpn22" deleted
pod "devopsdays-workers-8475685664-ngkbl" deleted
pod "devopsdays-workers-8475685664-5l45l" deleted
pod "devopsdays-workers-8475685664-tfq64" deleted
pod "devopsdays-workers-8475685664-jdtcz" deleted
pod "devopsdays-workers-8475685664-nslrz" deleted
pod "devopsdays-workers-8475685664-czsmr" deleted
pod "devopsdays-workers-8475685664-chk85" deleted
pod "devopsdays-workers-8475685664-vhvhl" deleted
pod "devopsdays-workers-8475685664-bqkn6" deleted
pod "devopsdays-workers-8475685664-c6txq" deleted
pod "devopsdays-workers-8475685664-d6x2z" deleted
pod "devopsdays-workers-8475685664-bsgjb" deleted
pod "devopsdays-workers-8475685664-bqr89" deleted
pod "devopsdays-workers-8475685664-lz2pc" deleted
pod "devopsdays-workers-8475685664-qm92t" deleted
pod "devopsdays-workers-8475685664-4rx6p" deleted
pod "devopsdays-workers-8475685664-jh2nx" deleted
pod "devopsdays-workers-8475685664-sb6k2" deleted
pod "devopsdays-workers-8475685664-zfvql" deleted
pod "devopsdays-workers-8475685664-cll6w" deleted
pod "devopsdays-workers-8475685664-p49zl" deleted
pod "devopsdays-workers-8475685664-tpfnw" deleted
pod "devopsdays-workers-8475685664-f52q5" deleted
pod "devopsdays-workers-8475685664-qfc5g" deleted
pod "devopsdays-workers-8475685664-v9t76" deleted
pod "devopsdays-workers-8475685664-tshg8" deleted
pod "devopsdays-workers-8475685664-sbj69" deleted
pod "devopsdays-workers-8475685664-cc7m7" deleted
pod "devopsdays-workers-8475685664-zkd7j" deleted
pod "devopsdays-workers-8475685664-tv7kt" deleted
pod "devopsdays-workers-8475685664-4jhs5" deleted
pod "devopsdays-workers-8475685664-mwnpt" deleted
pod "devopsdays-workers-8475685664-sx887" deleted
pod "devopsdays-workers-8475685664-rmghd" deleted
pod "devopsdays-workers-8475685664-gnn66" deleted
pod "devopsdays-workers-8475685664-bs9dr" deleted
pod "devopsdays-workers-8475685664-4jxmr" deleted
pod "devopsdays-workers-8475685664-4qwtp" deleted
pod "devopsdays-workers-8475685664-p92d9" deleted
pod "devopsdays-workers-8475685664-lp4nz" deleted
pod "devopsdays-workers-8475685664-dnprv" deleted
pod "devopsdays-workers-8475685664-7xdx6" deleted
pod "devopsdays-workers-8475685664-82ntm" deleted
pod "devopsdays-workers-8475685664-zjm4x" deleted
pod "devopsdays-workers-8475685664-gvskp" deleted
pod "devopsdays-workers-8475685664-9j62w" deleted
pod "devopsdays-workers-8475685664-f7mgw" deleted
pod "devopsdays-workers-8475685664-zt2w8" deleted
pod "devopsdays-workers-8475685664-swbcw" deleted
pod "devopsdays-workers-8475685664-5vxpv" deleted
pod "devopsdays-workers-8475685664-kdjtl" deleted
pod "devopsdays-workers-8475685664-c9d7v" deleted
pod "devopsdays-workers-8475685664-lgrcb" deleted
pod "devopsdays-workers-8475685664-jh9b5" deleted
pod "devopsdays-workers-8475685664-4s44p" deleted
pod "devopsdays-workers-8475685664-8fbff" deleted
pod "devopsdays-workers-8475685664-2mn6c" deleted
pod "devopsdays-workers-8475685664-d5dwf" deleted
pod "devopsdays-workers-8475685664-zdgqd" deleted
pod "devopsdays-workers-8475685664-97g64" deleted
pod "devopsdays-workers-8475685664-tk6jk" deleted
pod "devopsdays-workers-8475685664-xnl7d" deleted
pod "devopsdays-workers-8475685664-zzwvh" deleted
pod "devopsdays-workers-8475685664-lqhx6" deleted
pod "devopsdays-workers-8475685664-9mjd8" deleted
pod "devopsdays-workers-8475685664-cz4hn" deleted
pod "devopsdays-workers-8475685664-j9jx4" deleted
pod "devopsdays-workers-8475685664-v8kw5" deleted
pod "devopsdays-workers-8475685664-6k8wd" deleted
pod "devopsdays-workers-8475685664-nr968" deleted
pod "devopsdays-workers-8475685664-z4gwj" deleted
pod "devopsdays-workers-8475685664-j5l2l" deleted
pod "devopsdays-workers-8475685664-7529g" deleted
pod "devopsdays-workers-8475685664-wn9m4" deleted
pod "devopsdays-workers-8475685664-fgsgw" deleted
pod "devopsdays-workers-8475685664-9v4vj" deleted
pod "devopsdays-workers-8475685664-cgfdx" deleted
pod "devopsdays-workers-8475685664-m4mwg" deleted
pod "devopsdays-workers-8475685664-9jqwk" deleted
pod "devopsdays-workers-8475685664-h4zdz" deleted
pod "devopsdays-workers-8475685664-svdgl" deleted
pod "devopsdays-workers-8475685664-xwsmc" deleted
pod "devopsdays-workers-8475685664-q79zh" deleted
pod "devopsdays-workers-8475685664-x4rtr" deleted
pod "devopsdays-workers-8475685664-gvnbq" deleted
pod "devopsdays-workers-8475685664-2gzqb" deleted
pod "devopsdays-workers-8475685664-8kkc8" deleted
pod "devopsdays-workers-8475685664-5r4jh" deleted
pod "devopsdays-workers-8475685664-s944r" deleted
pod "devopsdays-workers-8475685664-rdn9m" deleted
pod "devopsdays-workers-8475685664-v6bft" deleted
pod "devopsdays-workers-8475685664-dv5p9" deleted
pod "devopsdays-workers-8475685664-khmmb" deleted
pod "devopsdays-workers-8475685664-dzxsc" deleted
pod "devopsdays-workers-8475685664-xfv85" deleted
pod "devopsdays-workers-8475685664-r4vrh" deleted
pod "devopsdays-workers-8475685664-jns26" deleted
pod "devopsdays-workers-8475685664-d9gnd" deleted
pod "devopsdays-workers-8475685664-mcsct" deleted
pod "devopsdays-workers-8475685664-jss5l" deleted
pod "devopsdays-workers-8475685664-gxxpr" deleted
pod "devopsdays-workers-8475685664-fxdn8" deleted
pod "devopsdays-workers-8475685664-8wljr" deleted
pod "devopsdays-workers-8475685664-tdhfh" deleted
pod "devopsdays-workers-8475685664-6jrcr" deleted
pod "devopsdays-workers-8475685664-wsjnp" deleted
pod "devopsdays-workers-8475685664-twgxb" deleted
pod "devopsdays-workers-8475685664-prt74" deleted
pod "devopsdays-workers-8475685664-9ph58" deleted
pod "devopsdays-workers-8475685664-lvxfn" deleted
pod "devopsdays-workers-8475685664-ngg8h" deleted
pod "devopsdays-workers-8475685664-cj7bj" deleted
pod "devopsdays-workers-8475685664-5w7hh" deleted
pod "devopsdays-workers-8475685664-9smfq" deleted
pod "devopsdays-workers-8475685664-b2d55" deleted
pod "devopsdays-workers-8475685664-nt89h" deleted
pod "devopsdays-workers-8475685664-wgf6b" deleted
pod "devopsdays-workers-8475685664-mvz9r" deleted
pod "devopsdays-workers-8475685664-c9nf7" deleted
pod "devopsdays-workers-8475685664-mbtrp" deleted
pod "devopsdays-workers-8475685664-g984x" deleted
pod "devopsdays-workers-8475685664-2dhcj" deleted
pod "devopsdays-workers-8475685664-8s4vd" deleted
pod "devopsdays-workers-8475685664-5drm5" deleted
pod "devopsdays-workers-8475685664-44zfw" deleted
pod "devopsdays-workers-8475685664-hkz2h" deleted
pod "devopsdays-workers-8475685664-wlhzl" deleted
pod "devopsdays-workers-8475685664-rz5fx" deleted
pod "devopsdays-workers-8475685664-4czvz" deleted
pod "devopsdays-workers-8475685664-5bxlw" deleted
pod "devopsdays-workers-8475685664-hmbxf" deleted
pod "devopsdays-workers-8475685664-hxtzw" deleted
pod "devopsdays-workers-8475685664-588vb" deleted
pod "devopsdays-workers-8475685664-zvnkr" deleted
pod "devopsdays-workers-8475685664-s6cth" deleted
pod "devopsdays-workers-8475685664-tcvl2" deleted
pod "devopsdays-workers-8475685664-7kjhh" deleted
pod "devopsdays-workers-8475685664-zbgcw" deleted
pod "devopsdays-workers-8475685664-rlnlc" deleted
pod "devopsdays-workers-8475685664-6pcz6" deleted
pod "devopsdays-workers-8475685664-wbnd6" deleted
pod "devopsdays-workers-8475685664-wrphn" deleted
pod "devopsdays-workers-8475685664-f4knm" deleted
pod "devopsdays-workers-8475685664-zkp42" deleted
pod "devopsdays-workers-8475685664-gdxh8" deleted
pod "devopsdays-workers-8475685664-znsqb" deleted
