Chose customer workflow ID: customer-123
	--> Signaling to add 39 points
	--> Signal workflow succeeded
	--> End of cycle; sleeping
Chose customer workflow ID: customer-17279
	--> Signaling to add 19 points
	--> Signal workflow succeeded
	--> End of cycle; sleeping
Chose customer workflow ID: customer-2
	--> Signaling to add 49 points
	--> Signal workflow succeeded
	--> End of cycle; sleeping
Chose customer workflow ID: customer-1554
	--> Signaling to add 61 points
	--> Signal workflow succeeded
	--> End of cycle; sleeping
Chose customer workflow ID: customer-123
	--> Signaling to add 80 points
	--> Signal workflow succeeded
	--> End of cycle; sleeping
Chose customer workflow ID: customer-123
	--> Signaling to add 88 points
	--> Signal workflow succeeded
	--> Signaling to invite guest with ID 626
	--> Signal workflow succeeded
	--> End of cycle; sleeping
Chose customer workflow ID: customer-18446
	--> Signaling to add 78 points
	--> Signal workflow succeeded
	--> End of cycle; sleeping
Chose customer workflow ID: customer-17910
	--> Signaling to add 21 points
	--> Signal workflow succeeded
	--> End of cycle; sleeping
Chose customer workflow ID: customer-17910
	--> Signaling to add 46 points
	--> Signal workflow succeeded
	--> End of cycle; sleeping
Chose customer workflow ID: customer-1554
	--> Signaling to add 62 points
	--> Signal workflow succeeded
	--> End of cycle; sleeping
Chose customer workflow ID: customer-17279
	--> Signaling to add 59 points
	--> Signal workflow succeeded
	--> End of cycle; sleeping
Chose customer workflow ID: customer-25726
	--> Signaling to add 93 points
	--> Signal workflow succeeded
	--> End of cycle; sleeping
Chose customer workflow ID: customer-25726
	--> Signaling to add 89 points
	--> Signal workflow succeeded
	--> End of cycle; sleeping
Chose customer workflow ID: customer-2
	--> Signaling to add 48 points
	--> Signal workflow succeeded
	--> End of cycle; sleeping
Chose customer workflow ID: customer-1554
	--> Signaling to add 38 points
	--> Signal workflow succeeded
	--> End of cycle; sleeping
Chose customer workflow ID: customer-25726
	--> Signaling to add 83 points
	--> Signal workflow succeeded
	--> End of cycle; sleeping
Chose customer workflow ID: customer-17279
	--> Signaling to add 74 points
	--> Signal workflow succeeded
	--> End of cycle; sleeping
Chose customer workflow ID: customer-22280
	--> Signaling to add 3 points
	--> Signal workflow succeeded
	--> End of cycle; sleeping
Chose customer workflow ID: customer-17910
	--> Signaling to add 85 points
	--> Signal workflow succeeded
	--> End of cycle; sleeping
Chose customer workflow ID: customer-1554
	--> Signaling to add 69 points
	--> Signal workflow succeeded
	--> End of cycle; sleeping
Chose customer workflow ID: customer-18446
	--> Signaling to add 77 points
	--> Signal workflow succeeded
	--> End of cycle; sleeping
Chose customer workflow ID: customer-18446
	--> Signaling to add 69 points
	--> Signal workflow succeeded
	--> End of cycle; sleeping
Chose customer workflow ID: customer-18446
	--> Signaling to add 67 points
	--> Signal workflow succeeded
	--> End of cycle; sleeping
Chose customer workflow ID: customer-626
	--> Signaling to add 19 points
	--> Signal workflow succeeded
	--> End of cycle; sleeping
Chose customer workflow ID: customer-18446
	--> Signaling to add 89 points
	--> Signal workflow succeeded
	--> End of cycle; sleeping
Chose customer workflow ID: customer-123
	--> Signaling to add 65 points
	--> Signal workflow succeeded
	--> End of cycle; sleeping
Chose customer workflow ID: customer-22280
	--> Signaling to add 44 points
	--> Signal workflow succeeded
	--> End of cycle; sleeping
Chose customer workflow ID: customer-18446
	--> Signaling to add 90 points
	--> Signal workflow succeeded
	--> End of cycle; sleeping
Chose customer workflow ID: customer-25726
	--> Signaling to add 80 points
	--> Signal workflow succeeded
	--> End of cycle; sleeping
Chose customer workflow ID: customer-25726
	--> Signaling to add 75 points
	--> Signal workflow succeeded
	--> End of cycle; sleeping
Chose customer workflow ID: customer-1554
	--> Signaling to add 23 points
	--> Signal workflow succeeded
	--> End of cycle; sleeping
Chose customer workflow ID: customer-18446
	--> Signaling to add 19 points
	--> Signal workflow succeeded
	--> End of cycle; sleeping
Chose customer workflow ID: customer-1554
	--> Signaling to add 87 points
	--> Signal workflow succeeded
	--> End of cycle; sleeping
Chose customer workflow ID: customer-2
	--> Signaling to add 44 points
	--> Signal workflow succeeded
	--> End of cycle; sleeping
Chose customer workflow ID: customer-123
	--> Signaling to add 26 points
	--> Signal workflow succeeded
	--> End of cycle; sleeping
Chose customer workflow ID: customer-17910
	--> Signaling to add 66 points
	--> Signal workflow succeeded
	--> End of cycle; sleeping
Chose customer workflow ID: customer-17279
	--> Signaling to add 65 points
	--> Signal workflow succeeded
	--> End of cycle; sleeping
Chose customer workflow ID: customer-2
	--> Signaling to add 72 points
	--> Signal workflow succeeded
	--> End of cycle; sleeping
Chose customer workflow ID: customer-17279
	--> Signaling to add 95 points
	--> Signal workflow succeeded
	--> End of cycle; sleeping
Chose customer workflow ID: customer-22280
	--> Signaling to add 50 points
	--> Signal workflow succeeded
	--> End of cycle; sleeping
Chose customer workflow ID: customer-123
	--> Signaling to add 32 points
	--> Signal workflow succeeded
	--> End of cycle; sleeping
Chose customer workflow ID: customer-2
	--> Signaling to add 84 points
	--> Signal workflow succeeded
	--> End of cycle; sleeping
Chose customer workflow ID: customer-18446
	--> Signaling to add 13 points
	--> Signal workflow succeeded
	--> End of cycle; sleeping
Chose customer workflow ID: customer-1554
	--> Signaling to add 9 points
	--> Signal workflow succeeded
	--> End of cycle; sleeping
Chose customer workflow ID: customer-17910
	--> Signaling to add 28 points
	--> Signal workflow succeeded
	--> End of cycle; sleeping
Chose customer workflow ID: customer-17910
	--> Signaling to add 73 points
	--> Signal workflow succeeded
	--> End of cycle; sleeping
Chose customer workflow ID: customer-22280
	--> Signaling to add 31 points
	--> Signal workflow succeeded
	--> End of cycle; sleeping
Chose customer workflow ID: customer-25726
	--> Signaling to add 47 points
	--> Signal workflow succeeded
	--> End of cycle; sleeping
Chose customer workflow ID: customer-22280
	--> Signaling to add 50 points
	--> Signal workflow succeeded
	--> End of cycle; sleeping
Chose customer workflow ID: customer-2
	--> Signaling to add 28 points
	--> Signal workflow succeeded
	--> End of cycle; sleeping
Chose customer workflow ID: customer-22280
	--> Signaling to add 9 points
	--> Signal workflow succeeded
	--> End of cycle; sleeping
Chose customer workflow ID: customer-17910
	--> Signaling to add 63 points
	--> Signal workflow succeeded
	--> End of cycle; sleeping
Chose customer workflow ID: customer-25726
	--> Signaling to add 97 points
	--> Signal workflow succeeded
	--> End of cycle; sleeping
Chose customer workflow ID: customer-626
	--> Signaling to add 63 points
	--> Signal workflow succeeded
	--> End of cycle; sleeping
Chose customer workflow ID: customer-31743
	--> Signaling to add 64 points
	--> Signal workflow succeeded
	--> End of cycle; sleeping
Chose customer workflow ID: customer-22280
	--> Signaling to add 54 points
	--> Signal workflow succeeded
	--> End of cycle; sleeping
Chose customer workflow ID: customer-1554
	--> Signaling to add 53 points
	--> Signal workflow succeeded
	--> End of cycle; sleeping
Chose customer workflow ID: customer-22280
	--> Signaling to add 100 points
	--> Signal workflow succeeded
	--> End of cycle; sleeping
Chose customer workflow ID: customer-123
	--> Signaling to add 17 points
	--> Signal workflow succeeded
	--> End of cycle; sleeping
Chose customer workflow ID: customer-17910
	--> Signaling to add 31 points
	--> Signal workflow succeeded
	--> End of cycle; sleeping
Chose customer workflow ID: customer-123
	--> Signaling to add 78 points
	--> Signal workflow succeeded
	--> End of cycle; sleeping
Chose customer workflow ID: customer-25726
	--> Signaling to add 59 points
	--> Signal workflow succeeded
	--> End of cycle; sleeping
Chose customer workflow ID: customer-31743
	--> Signaling to add 16 points
	--> Signal workflow succeeded
	--> End of cycle; sleeping
Chose customer workflow ID: customer-17910
	--> Signaling to add 43 points
	--> Signal workflow succeeded
	--> End of cycle; sleeping
Chose customer workflow ID: customer-17910
	--> Signaling to add 56 points
	--> Signal workflow succeeded
	--> End of cycle; sleeping
Chose customer workflow ID: customer-22280
	--> Signaling to add 12 points
	--> Signal workflow succeeded
	--> End of cycle; sleeping
Chose customer workflow ID: customer-626
	--> Signaling to add 13 points
	--> Signal workflow succeeded
	--> End of cycle; sleeping
Chose customer workflow ID: customer-1554
	--> Signaling to add 77 points
	--> Signal workflow succeeded
	--> End of cycle; sleeping
Chose customer workflow ID: customer-17910
	--> Signaling to add 12 points
	--> Signal workflow succeeded
	--> End of cycle; sleeping
Chose customer workflow ID: customer-1554
	--> Signaling to add 31 points
	--> Signal workflow succeeded
	--> End of cycle; sleeping
Chose customer workflow ID: customer-22280
	--> Signaling to add 92 points
	--> Signal workflow succeeded
	--> End of cycle; sleeping
Chose customer workflow ID: customer-17910
	--> Signaling to add 22 points
	--> Signal workflow succeeded
	--> End of cycle; sleeping
Chose customer workflow ID: customer-18446
	--> Signaling to add 95 points
	--> Signal workflow succeeded
	--> End of cycle; sleeping
Chose customer workflow ID: customer-31743
	--> Signaling to add 81 points
	--> Signal workflow succeeded
	--> End of cycle; sleeping
Chose customer workflow ID: customer-31743
	--> Signaling to add 2 points
	--> Signal workflow succeeded
	--> End of cycle; sleeping
Chose customer workflow ID: customer-31743
	--> Signaling to add 57 points
	--> Signal workflow succeeded
	--> End of cycle; sleeping
Chose customer workflow ID: customer-18446
	--> Signaling to add 27 points
	--> Signal workflow succeeded
	--> End of cycle; sleeping
Chose customer workflow ID: customer-17910
	--> Signaling to add 96 points
	--> Signal workflow succeeded
	--> End of cycle; sleeping
Chose customer workflow ID: customer-1554
	--> Signaling to add 88 points
	--> Signal workflow succeeded
	--> End of cycle; sleeping
Chose customer workflow ID: customer-123
	--> Signaling to add 4 points
	--> Signal workflow succeeded
	--> End of cycle; sleeping
Chose customer workflow ID: customer-31743
	--> Signaling to add 30 points
	--> Signal workflow succeeded
	--> End of cycle; sleeping
Chose customer workflow ID: customer-123
	--> Signaling to add 6 points
	--> Signal workflow succeeded
	--> End of cycle; sleeping
Chose customer workflow ID: customer-18446
	--> Signaling to add 82 points
	--> Signal workflow succeeded
	--> End of cycle; sleeping
Chose customer workflow ID: customer-18446
	--> Signaling to add 31 points
	--> Signal workflow succeeded
	--> End of cycle; sleeping
Chose customer workflow ID: customer-31743
	--> Signaling to add 50 points
	--> Signal workflow succeeded
	--> End of cycle; sleeping
Chose customer workflow ID: customer-2
	--> Signaling to add 58 points
	--> Signal workflow succeeded
	--> End of cycle; sleeping
Chose customer workflow ID: customer-22280
	--> Signaling to add 82 points
	--> Signal workflow succeeded
	--> End of cycle; sleeping
Chose customer workflow ID: customer-2
	--> Signaling to add 99 points
	--> Signal workflow succeeded
	--> End of cycle; sleeping
Chose customer workflow ID: customer-1554
	--> Signaling to add 45 points
	--> Signal workflow succeeded
	--> End of cycle; sleeping
Chose customer workflow ID: customer-123
	--> Signaling to add 69 points
	--> Signal workflow succeeded
	--> End of cycle; sleeping
Chose customer workflow ID: customer-18446
	--> Signaling to add 45 points
	--> Signal workflow succeeded
	--> End of cycle; sleeping
Chose customer workflow ID: customer-22280
	--> Signaling to add 43 points
	--> Signal workflow succeeded
	--> End of cycle; sleeping
Chose customer workflow ID: customer-626
	--> Signaling to add 20 points
	--> Signal workflow succeeded
	--> End of cycle; sleeping
Chose customer workflow ID: customer-25726
	--> Signaling to add 45 points
	--> Signal workflow succeeded
	--> End of cycle; sleeping
Chose customer workflow ID: customer-1554
	--> Signaling to add 54 points
	--> Signal workflow succeeded
	--> End of cycle; sleeping
Chose customer workflow ID: customer-626
	--> Signaling to add 22 points
	--> Signal workflow succeeded
	--> End of cycle; sleeping
Chose customer workflow ID: customer-626
	--> Signaling to add 19 points
	--> Signal workflow succeeded
	--> End of cycle; sleeping
Chose customer workflow ID: customer-626
	--> Signaling to add 100 points
	--> Signal workflow succeeded
	--> End of cycle; sleeping
Chose customer workflow ID: customer-17279
	--> Signaling to add 6 points
	--> Signal workflow succeeded
	--> End of cycle; sleeping
Chose customer workflow ID: customer-22280
	--> Signaling to add 47 points
	--> Signal workflow succeeded
	--> End of cycle; sleeping
Chose customer workflow ID: customer-25726
	--> Signaling to add 60 points
	--> Signal workflow succeeded
	--> End of cycle; sleeping
Chose customer workflow ID: customer-2
	--> Signaling to add 44 points
	--> Signal workflow succeeded
	--> End of cycle; sleeping
Chose customer workflow ID: customer-123
	--> Signaling to add 41 points
	--> Signal workflow succeeded
	--> End of cycle; sleeping
Chose customer workflow ID: customer-1554
	--> Signaling to add 22 points
	--> Signal workflow succeeded
	--> End of cycle; sleeping
Chose customer workflow ID: customer-123
	--> Signaling to add 48 points
	--> Signal workflow succeeded
	--> End of cycle; sleeping
Chose customer workflow ID: customer-18446
	--> Signaling to add 43 points
	--> Signal workflow succeeded
	--> End of cycle; sleeping
Chose customer workflow ID: customer-2
	--> Signaling to add 28 points
	--> Signal workflow succeeded
	--> End of cycle; sleeping
Chose customer workflow ID: customer-18446
	--> Signaling to add 71 points
	--> Signal workflow succeeded
	--> End of cycle; sleeping
Chose customer workflow ID: customer-626
	--> Signaling to add 20 points
	--> Signal workflow succeeded
	--> End of cycle; sleeping
Chose customer workflow ID: customer-18446
	--> Signaling to add 9 points
	--> Signal workflow succeeded
	--> End of cycle; sleeping
Chose customer workflow ID: customer-123
	--> Signaling to add 74 points
	--> Signal workflow succeeded
	--> End of cycle; sleeping
Chose customer workflow ID: customer-1554
	--> Signaling to add 6 points
	--> Signal workflow succeeded
	--> End of cycle; sleeping
Chose customer workflow ID: customer-17910
	--> Signaling to add 18 points
	--> Signal workflow succeeded
	--> End of cycle; sleeping
Chose customer workflow ID: customer-25726
	--> Signaling to add 32 points
	--> Signal workflow succeeded
	--> End of cycle; sleeping
Chose customer workflow ID: customer-17910
	--> Signaling to add 42 points
	--> Signal workflow succeeded
	--> End of cycle; sleeping
Chose customer workflow ID: customer-123
	--> Signaling to add 48 points
	--> Signal workflow succeeded
	--> End of cycle; sleeping
Chose customer workflow ID: customer-17910
	--> Signaling to add 8 points
	--> Signal workflow succeeded
	--> End of cycle; sleeping
Chose customer workflow ID: customer-123
	--> Signaling to add 97 points
	--> Signal workflow succeeded
	--> End of cycle; sleeping
Chose customer workflow ID: customer-123
	--> Signaling to add 59 points
	--> Signal workflow succeeded
	--> End of cycle; sleeping
Chose customer workflow ID: customer-31743
	--> Signaling to add 9 points
	--> Signal workflow succeeded
	--> End of cycle; sleeping
Chose customer workflow ID: customer-2
	--> Signaling to add 65 points
	--> Signal workflow succeeded
	--> End of cycle; sleeping
Chose customer workflow ID: customer-22280
	--> Signaling to add 3 points
	--> Signal workflow succeeded
	--> End of cycle; sleeping
Chose customer workflow ID: customer-22280
	--> Signaling to add 88 points
	--> Signal workflow succeeded
	--> End of cycle; sleeping
Chose customer workflow ID: customer-25726
	--> Signaling to add 3 points
	--> Signal workflow succeeded
	--> End of cycle; sleeping
Chose customer workflow ID: customer-626
	--> Signaling to add 76 points
	--> Signal workflow succeeded
	--> End of cycle; sleeping
Chose customer workflow ID: customer-123
	--> Signaling to add 49 points
	--> Signal workflow succeeded
	--> End of cycle; sleeping
Chose customer workflow ID: customer-17910
	--> Signaling to add 6 points
	--> Signal workflow succeeded
	--> End of cycle; sleeping
Chose customer workflow ID: customer-22280
	--> Signaling to add 27 points
	--> Signal workflow succeeded
	--> End of cycle; sleeping
Chose customer workflow ID: customer-22280
	--> Signaling to add 68 points
	--> Signal workflow succeeded
	--> End of cycle; sleeping
Chose customer workflow ID: customer-18446
	--> Signaling to add 17 points
	--> Signal workflow succeeded
	--> End of cycle; sleeping
Chose customer workflow ID: customer-626
	--> Signaling to add 29 points
	--> Signal workflow succeeded
	--> End of cycle; sleeping
Chose customer workflow ID: customer-17910
	--> Signaling to add 35 points
	--> Signal workflow succeeded
	--> End of cycle; sleeping
Chose customer workflow ID: customer-123
	--> Signaling to add 50 points
	--> Signal workflow succeeded
	--> End of cycle; sleeping
Chose customer workflow ID: customer-123
	--> Signaling to add 86 points
	--> Signal workflow succeeded
	--> End of cycle; sleeping
Chose customer workflow ID: customer-31743
	--> Signaling to add 92 points
	--> Signal workflow succeeded
	--> End of cycle; sleeping
Chose customer workflow ID: customer-17279
	--> Signaling to add 47 points
	--> Signal workflow succeeded
	--> End of cycle; sleeping
Chose customer workflow ID: customer-18446
	--> Signaling to add 54 points
	--> Signal workflow succeeded
	--> End of cycle; sleeping
Chose customer workflow ID: customer-17279
	--> Signaling to add 5 points
	--> Signal workflow succeeded
	--> End of cycle; sleeping
Chose customer workflow ID: customer-17279
	--> Signaling to add 98 points
	--> Signal workflow succeeded
	--> End of cycle; sleeping
Chose customer workflow ID: customer-17910
	--> Signaling to add 59 points
	--> Signal workflow succeeded
	--> End of cycle; sleeping
Chose customer workflow ID: customer-17279
	--> Signaling to add 35 points
	--> Signal workflow succeeded
	--> End of cycle; sleeping
Chose customer workflow ID: customer-22280
	--> Signaling to add 91 points
	--> Signal workflow succeeded
	--> End of cycle; sleeping
Chose customer workflow ID: customer-22280
	--> Signaling to add 52 points
	--> Signal workflow succeeded
	--> Signaling to invite guest with ID 11021
	--> Signal workflow succeeded
	--> End of cycle; sleeping
Chose customer workflow ID: customer-626
	--> Signaling to add 57 points
	--> Signal workflow succeeded
	--> End of cycle; sleeping
Chose customer workflow ID: customer-25726
	--> Signaling to add 94 points
	--> Signal workflow succeeded
	--> End of cycle; sleeping
Chose customer workflow ID: customer-22280
	--> Signaling to add 64 points
	--> Signal workflow succeeded
	--> End of cycle; sleeping
Chose customer workflow ID: customer-31743
	--> Signaling to add 94 points
	--> Signal workflow succeeded
	--> End of cycle; sleeping
Chose customer workflow ID: customer-1554
	--> Signaling to add 70 points
	--> Signal workflow succeeded
	--> End of cycle; sleeping
Chose customer workflow ID: customer-18446
	--> Signaling to add 53 points
	--> Signal workflow succeeded
	--> End of cycle; sleeping
Chose customer workflow ID: customer-1554
	--> Signaling to add 51 points
	--> Signal workflow succeeded
	--> End of cycle; sleeping
Chose customer workflow ID: customer-22280
	--> Signaling to add 39 points
	--> Signal workflow succeeded
	--> End of cycle; sleeping
Chose customer workflow ID: customer-11021
	--> Signaling to add 92 points
	--> Signal workflow succeeded
	--> End of cycle; sleeping
Chose customer workflow ID: customer-11021
	--> Signaling to add 81 points
	--> Signal workflow succeeded
	--> End of cycle; sleeping
Chose customer workflow ID: customer-22280
	--> Signaling to add 91 points
	--> Signal workflow succeeded
	--> End of cycle; sleeping
Chose customer workflow ID: customer-123
	--> Signaling to add 78 points
	--> Signal workflow succeeded
	--> End of cycle; sleeping
Chose customer workflow ID: customer-17910
	--> Signaling to add 80 points
	--> Signal workflow succeeded
	--> End of cycle; sleeping
Chose customer workflow ID: customer-123
	--> Signaling to add 82 points
	--> Signal workflow succeeded
	--> End of cycle; sleeping
Chose customer workflow ID: customer-626
	--> Signaling to add 37 points
	--> Signal workflow succeeded
	--> End of cycle; sleeping
Chose customer workflow ID: customer-22280
	--> Signaling to add 95 points
	--> Signal workflow succeeded
	--> End of cycle; sleeping
Chose customer workflow ID: customer-18446
	--> Signaling to add 90 points
	--> Signal workflow succeeded
	--> End of cycle; sleeping
Chose customer workflow ID: customer-2
	--> Signaling to add 12 points
	--> Signal workflow succeeded
	--> End of cycle; sleeping
Chose customer workflow ID: customer-22280
	--> Signaling to add 8 points
	--> Signal workflow succeeded
	--> End of cycle; sleeping
Chose customer workflow ID: customer-17910
	--> Signaling to add 83 points
	--> Signal workflow succeeded
	--> End of cycle; sleeping
Chose customer workflow ID: customer-11021
	--> Signaling to add 30 points
	--> Signal workflow succeeded
	--> End of cycle; sleeping
Chose customer workflow ID: customer-2
	--> Signaling to add 62 points
	--> Signal workflow succeeded
	--> End of cycle; sleeping
Chose customer workflow ID: customer-31743
	--> Signaling to add 92 points
	--> Signal workflow succeeded
	--> End of cycle; sleeping
Chose customer workflow ID: customer-17279
	--> Signaling to add 18 points
	--> Signal workflow succeeded
	--> End of cycle; sleeping
Chose customer workflow ID: customer-17279
	--> Signaling to add 33 points
	--> Signal workflow succeeded
	--> End of cycle; sleeping
Chose customer workflow ID: customer-11021
	--> Signaling to add 28 points
	--> Signal workflow succeeded
	--> End of cycle; sleeping
Chose customer workflow ID: customer-17279
	--> Signaling to add 91 points
	--> Signal workflow succeeded
	--> End of cycle; sleeping
Chose customer workflow ID: customer-1554
	--> Signaling to add 64 points
	--> Signal workflow succeeded
	--> End of cycle; sleeping
Chose customer workflow ID: customer-626
	--> Signaling to add 31 points
	--> Signal workflow succeeded
	--> End of cycle; sleeping
Chose customer workflow ID: customer-11021
	--> Signaling to add 79 points
	--> Signal workflow succeeded
	--> End of cycle; sleeping
Chose customer workflow ID: customer-626
	--> Signaling to add 93 points
	--> Signal workflow succeeded
	--> End of cycle; sleeping
Chose customer workflow ID: customer-17279
	--> Signaling to add 78 points
	--> Signal workflow succeeded
	--> Signaling to invite guest with ID 4819
	--> Signal workflow succeeded
	--> End of cycle; sleeping
Chose customer workflow ID: customer-11021
	--> Signaling to add 52 points
	--> Signal workflow succeeded
	--> End of cycle; sleeping
Chose customer workflow ID: customer-2
	--> Signaling to add 5 points
	--> Signal workflow succeeded
	--> End of cycle; sleeping
Chose customer workflow ID: customer-18446
	--> Signaling to add 64 points
	--> Signal workflow succeeded
	--> End of cycle; sleeping
Chose customer workflow ID: customer-4819
	--> Signaling to add 82 points
	--> Signal workflow succeeded
	--> End of cycle; sleeping
Chose customer workflow ID: customer-31743
	--> Signaling to add 48 points
	--> Signal workflow succeeded
	--> End of cycle; sleeping
Chose customer workflow ID: customer-18446
	--> Signaling to add 5 points
	--> Signal workflow succeeded
	--> End of cycle; sleeping
Chose customer workflow ID: customer-25726
	--> Signaling to add 82 points
	--> Signal workflow succeeded
	--> End of cycle; sleeping
Chose customer workflow ID: customer-18446
	--> Signaling to add 14 points
	--> Signal workflow succeeded
	--> End of cycle; sleeping
Chose customer workflow ID: customer-123
	--> Signaling to add 93 points
	--> Signal workflow succeeded
	--> End of cycle; sleeping
Chose customer workflow ID: customer-31743
	--> Signaling to add 31 points
	--> Signal workflow succeeded
	--> End of cycle; sleeping
Chose customer workflow ID: customer-17279
	--> Signaling to add 40 points
	--> Signal workflow succeeded
	--> End of cycle; sleeping
Chose customer workflow ID: customer-17910
	--> Signaling to add 58 points
	--> Signal workflow succeeded
	--> End of cycle; sleeping
Chose customer workflow ID: customer-123
	--> Signaling to add 96 points
	--> Signal workflow succeeded
	--> End of cycle; sleeping
Chose customer workflow ID: customer-4819
	--> Signaling to add 78 points
	--> Signal workflow succeeded
	--> End of cycle; sleeping
Chose customer workflow ID: customer-11021
	--> Signaling to add 77 points
	--> Signal workflow succeeded
	--> End of cycle; sleeping
Chose customer workflow ID: customer-25726
	--> Signaling to add 13 points
	--> Signal workflow succeeded
	--> End of cycle; sleeping
Chose customer workflow ID: customer-123
	--> Signaling to add 58 points
	--> Signal workflow succeeded
	--> End of cycle; sleeping
Chose customer workflow ID: customer-17279
	--> Signaling to add 98 points
	--> Signal workflow succeeded
	--> End of cycle; sleeping
Chose customer workflow ID: customer-1554
	--> Signaling to add 66 points
	--> Signal workflow succeeded
	--> End of cycle; sleeping
Chose customer workflow ID: customer-17910
	--> Signaling to add 33 points
	--> Signal workflow succeeded
	--> End of cycle; sleeping
Chose customer workflow ID: customer-4819
	--> Signaling to add 92 points
	--> Signal workflow succeeded
	--> End of cycle; sleeping
Chose customer workflow ID: customer-17910
	--> Signaling to add 36 points
	--> Signal workflow succeeded
	--> End of cycle; sleeping
Chose customer workflow ID: customer-22280
	--> Signaling to add 30 points
	--> Signal workflow succeeded
	--> End of cycle; sleeping
Chose customer workflow ID: customer-25726
	--> Signaling to add 60 points
	--> Signal workflow succeeded
	--> End of cycle; sleeping
Chose customer workflow ID: customer-22280
	--> Signaling to add 7 points
	--> Signal workflow succeeded
	--> End of cycle; sleeping
Chose customer workflow ID: customer-11021
	--> Signaling to add 100 points
	--> Signal workflow succeeded
	--> End of cycle; sleeping
Chose customer workflow ID: customer-1554
	--> Signaling to add 28 points
	--> Signal workflow succeeded
	--> End of cycle; sleeping
Chose customer workflow ID: customer-2
	--> Signaling to add 25 points
	--> Signal workflow succeeded
	--> End of cycle; sleeping
Chose customer workflow ID: customer-11021
	--> Signaling to add 94 points
	--> Signal workflow succeeded
	--> End of cycle; sleeping
Chose customer workflow ID: customer-31743
	--> Signaling to add 93 points
	--> Signal workflow succeeded
	--> End of cycle; sleeping
Chose customer workflow ID: customer-626
	--> Signaling to add 88 points
	--> Signal workflow succeeded
	--> End of cycle; sleeping
Chose customer workflow ID: customer-4819
	--> Signaling to add 46 points
	--> Signal workflow succeeded
	--> End of cycle; sleeping
Chose customer workflow ID: customer-4819
	--> Signaling to add 21 points
	--> Signal workflow succeeded
	--> End of cycle; sleeping
Chose customer workflow ID: customer-22280
	--> Signaling to add 20 points
	--> Signal workflow succeeded
	--> End of cycle; sleeping
Chose customer workflow ID: customer-17910
	--> Signaling to add 31 points
	--> Signal workflow succeeded
	--> End of cycle; sleeping
Chose customer workflow ID: customer-17910
	--> Signaling to add 97 points
	--> Signal workflow succeeded
	--> End of cycle; sleeping
Chose customer workflow ID: customer-2
	--> Signaling to add 75 points
	--> Signal workflow succeeded
	--> End of cycle; sleeping
Chose customer workflow ID: customer-17279
	--> Signaling to add 95 points
	--> Signal workflow succeeded
	--> End of cycle; sleeping
Chose customer workflow ID: customer-18446
	--> Signaling to add 35 points
	--> Signal workflow succeeded
	--> End of cycle; sleeping
Chose customer workflow ID: customer-123
	--> Signaling to add 62 points
	--> Signal workflow succeeded
	--> End of cycle; sleeping
Chose customer workflow ID: customer-1554
	--> Signaling to add 17 points
	--> Signal workflow succeeded
	--> End of cycle; sleeping
Chose customer workflow ID: customer-1554
	--> Signaling to add 76 points
	--> Signal workflow succeeded
	--> End of cycle; sleeping
Chose customer workflow ID: customer-2
	--> Signaling to add 20 points
	--> Signal workflow succeeded
	--> End of cycle; sleeping
Chose customer workflow ID: customer-1554
	--> Signaling to add 71 points
	--> Signal workflow succeeded
	--> End of cycle; sleeping
Chose customer workflow ID: customer-25726
	--> Signaling to add 8 points
	--> Signal workflow succeeded
	--> End of cycle; sleeping
Chose customer workflow ID: customer-2
	--> Signaling to add 83 points
	--> Signal workflow succeeded
	--> End of cycle; sleeping
Chose customer workflow ID: customer-17279
	--> Signaling to add 50 points
	--> Signal workflow succeeded
	--> End of cycle; sleeping
Chose customer workflow ID: customer-18446
	--> Signaling to add 96 points
	--> Signal workflow succeeded
	--> End of cycle; sleeping
Chose customer workflow ID: customer-626
	--> Signaling to add 29 points
	--> Signal workflow succeeded
	--> End of cycle; sleeping
Chose customer workflow ID: customer-25726
	--> Signaling to add 76 points
	--> Signal workflow succeeded
	--> End of cycle; sleeping
Chose customer workflow ID: customer-11021
	--> Signaling to add 2 points
	--> Signal workflow succeeded
	--> End of cycle; sleeping
Chose customer workflow ID: customer-25726
	--> Signaling to add 71 points
	--> Signal workflow succeeded
	--> End of cycle; sleeping
Chose customer workflow ID: customer-22280
	--> Signaling to add 20 points
	--> Signal workflow succeeded
	--> End of cycle; sleeping
Chose customer workflow ID: customer-17279
	--> Signaling to add 4 points
	--> Signal workflow succeeded
	--> End of cycle; sleeping
Chose customer workflow ID: customer-22280
	--> Signaling to add 96 points
	--> Signal workflow succeeded
	--> End of cycle; sleeping
Chose customer workflow ID: customer-31743
	--> Signaling to add 78 points
	--> Signal workflow succeeded
	--> End of cycle; sleeping
Chose customer workflow ID: customer-17910
	--> Signaling to add 91 points
	--> Signal workflow succeeded
	--> End of cycle; sleeping
Chose customer workflow ID: customer-11021
	--> Signaling to add 4 points
	--> Signal workflow succeeded
	--> End of cycle; sleeping
Chose customer workflow ID: customer-4819
	--> Signaling to add 50 points
	--> Signal workflow succeeded
	--> End of cycle; sleeping
Chose customer workflow ID: customer-2
	--> Signaling to add 88 points
	--> Signal workflow succeeded
	--> End of cycle; sleeping
Chose customer workflow ID: customer-31743
	--> Signaling to add 100 points
	--> Signal workflow succeeded
	--> End of cycle; sleeping
Chose customer workflow ID: customer-11021
	--> Signaling to add 47 points
	--> Signal workflow succeeded
	--> End of cycle; sleeping
Chose customer workflow ID: customer-2
	--> Signaling to add 72 points
	--> Signal workflow succeeded
	--> End of cycle; sleeping
Chose customer workflow ID: customer-31743
	--> Signaling to add 40 points
	--> Signal workflow succeeded
	--> End of cycle; sleeping
Chose customer workflow ID: customer-11021
	--> Signaling to add 82 points
	--> Signal workflow succeeded
	--> End of cycle; sleeping
Chose customer workflow ID: customer-17910
	--> Signaling to add 35 points
	--> Signal workflow succeeded
	--> End of cycle; sleeping
Chose customer workflow ID: customer-25726
	--> Signaling to add 99 points
	--> Signal workflow succeeded
	--> End of cycle; sleeping
Chose customer workflow ID: customer-11021
	--> Signaling to add 11 points
	--> Signal workflow succeeded
	--> End of cycle; sleeping
Chose customer workflow ID: customer-11021
	--> Signaling to add 63 points
	--> Signal workflow succeeded
	--> End of cycle; sleeping
Chose customer workflow ID: customer-18446
	--> Signaling to add 9 points
	--> Signal workflow succeeded
	--> End of cycle; sleeping
Chose customer workflow ID: customer-4819
	--> Signaling to add 31 points
	--> Signal workflow succeeded
	--> End of cycle; sleeping
Chose customer workflow ID: customer-18446
	--> Signaling to add 25 points
	--> Signal workflow succeeded
	--> End of cycle; sleeping
Chose customer workflow ID: customer-123
	--> Signaling to add 41 points
	--> Signal workflow succeeded
	--> End of cycle; sleeping
Chose customer workflow ID: customer-22280
	--> Signaling to add 12 points
	--> Signal workflow succeeded
	--> End of cycle; sleeping
Chose customer workflow ID: customer-17910
	--> Signaling to add 47 points
	--> Signal workflow succeeded
	--> End of cycle; sleeping
Chose customer workflow ID: customer-123
	--> Signaling to add 84 points
	--> Signal workflow succeeded
	--> End of cycle; sleeping
Chose customer workflow ID: customer-25726
	--> Signaling to add 15 points
	--> Signal workflow succeeded
	--> End of cycle; sleeping
Chose customer workflow ID: customer-4819
	--> Signaling to add 44 points
	--> Signal workflow succeeded
	--> End of cycle; sleeping
Chose customer workflow ID: customer-17910
	--> Signaling to add 3 points
	--> Signal workflow succeeded
	--> End of cycle; sleeping
Chose customer workflow ID: customer-11021
	--> Signaling to add 75 points
	--> Signal workflow succeeded
	--> End of cycle; sleeping
Chose customer workflow ID: customer-25726
	--> Signaling to add 43 points
	--> Signal workflow succeeded
	--> End of cycle; sleeping
Chose customer workflow ID: customer-123
	--> Signaling to add 34 points
	--> Signal workflow succeeded
	--> End of cycle; sleeping
Chose customer workflow ID: customer-626
	--> Signaling to add 15 points
	--> Signal workflow succeeded
	--> End of cycle; sleeping
Chose customer workflow ID: customer-123
	--> Signaling to add 61 points
	--> Signal workflow succeeded
	--> End of cycle; sleeping
Chose customer workflow ID: customer-25726
	--> Signaling to add 76 points
	--> Signal workflow succeeded
	--> End of cycle; sleeping
Chose customer workflow ID: customer-31743
	--> Signaling to add 75 points
	--> Signal workflow succeeded
	--> End of cycle; sleeping
Chose customer workflow ID: customer-11021
	--> Signaling to add 65 points
	--> Signal workflow succeeded
	--> End of cycle; sleeping
Chose customer workflow ID: customer-17910
	--> Signaling to add 31 points
	--> Signal workflow succeeded
	--> End of cycle; sleeping
Chose customer workflow ID: customer-626
	--> Signaling to add 46 points
	--> Signal workflow succeeded
	--> End of cycle; sleeping
Chose customer workflow ID: customer-123
	--> Signaling to add 54 points
	--> Signal workflow succeeded
	--> End of cycle; sleeping
Chose customer workflow ID: customer-123
	--> Signaling to add 38 points
	--> Signal workflow succeeded
	--> End of cycle; sleeping
Chose customer workflow ID: customer-626
	--> Signaling to add 62 points
	--> Signal workflow succeeded
	--> End of cycle; sleeping
Chose customer workflow ID: customer-123
	--> Signaling to add 45 points
	--> Signal workflow succeeded
	--> End of cycle; sleeping
Chose customer workflow ID: customer-11021
	--> Signaling to add 56 points
	--> Signal workflow succeeded
	--> End of cycle; sleeping
Chose customer workflow ID: customer-626
	--> Signaling to add 26 points
	--> Signal workflow succeeded
	--> End of cycle; sleeping
Chose customer workflow ID: customer-11021
	--> Signaling to add 5 points
	--> Signal workflow succeeded
	--> End of cycle; sleeping
Chose customer workflow ID: customer-17910
	--> Signaling to add 83 points
	--> Signal workflow succeeded
	--> End of cycle; sleeping
Chose customer workflow ID: customer-4819
	--> Signaling to add 43 points
	--> Signal workflow succeeded
	--> End of cycle; sleeping
Chose customer workflow ID: customer-31743
	--> Signaling to add 25 points
	--> Signal workflow succeeded
	--> End of cycle; sleeping
Chose customer workflow ID: customer-18446
	--> Signaling to add 88 points
	--> Signal workflow succeeded
	--> Signaling to invite guest with ID 22199
	--> Signal workflow succeeded
	--> End of cycle; sleeping
Chose customer workflow ID: customer-22199
	--> Signaling to add 97 points
	--> Signal workflow succeeded
	--> End of cycle; sleeping
Chose customer workflow ID: customer-11021
	--> Signaling to add 87 points
	--> Signal workflow succeeded
	--> End of cycle; sleeping
Chose customer workflow ID: customer-31743
	--> Signaling to add 97 points
	--> Signal workflow succeeded
	--> End of cycle; sleeping
Chose customer workflow ID: customer-626
	--> Signaling to add 65 points
	--> Signal workflow succeeded
	--> End of cycle; sleeping
Chose customer workflow ID: customer-123
	--> Signaling to add 5 points
	--> Signal workflow succeeded
	--> End of cycle; sleeping
Chose customer workflow ID: customer-123
	--> Signaling to add 21 points
	--> Signal workflow succeeded
	--> End of cycle; sleeping
Chose customer workflow ID: customer-18446
	--> Signaling to add 73 points
	--> Signal workflow succeeded
	--> End of cycle; sleeping
Chose customer workflow ID: customer-25726
	--> Signaling to add 90 points
	--> Signal workflow succeeded
	--> End of cycle; sleeping
Chose customer workflow ID: customer-17910
	--> Signaling to add 79 points
	--> Signal workflow succeeded
	--> End of cycle; sleeping
Chose customer workflow ID: customer-22280
	--> Signaling to add 91 points
	--> Signal workflow succeeded
	--> End of cycle; sleeping
Chose customer workflow ID: customer-626
	--> Signaling to add 23 points
	--> Signal workflow succeeded
	--> End of cycle; sleeping
Chose customer workflow ID: customer-18446
	--> Signaling to add 36 points
	--> Signal workflow succeeded
	--> End of cycle; sleeping
Chose customer workflow ID: customer-123
	--> Signaling to add 95 points
	--> Signal workflow succeeded
	--> End of cycle; sleeping
Chose customer workflow ID: customer-1554
	--> Signaling to add 36 points
	--> Signal workflow succeeded
	--> End of cycle; sleeping
Chose customer workflow ID: customer-11021
	--> Signaling to add 17 points
	--> Signal workflow succeeded
	--> End of cycle; sleeping
Chose customer workflow ID: customer-17910
	--> Signaling to add 79 points
	--> Signal workflow succeeded
	--> End of cycle; sleeping
Chose customer workflow ID: customer-123
	--> Signaling to add 53 points
	--> Signal workflow succeeded
	--> End of cycle; sleeping
Chose customer workflow ID: customer-22199
	--> Signaling to add 50 points
	--> Signal workflow succeeded
	--> End of cycle; sleeping
Chose customer workflow ID: customer-31743
	--> Signaling to add 60 points
	--> Signal workflow succeeded
	--> End of cycle; sleeping
Chose customer workflow ID: customer-626
	--> Signaling to add 61 points
	--> Signal workflow succeeded
	--> End of cycle; sleeping
Chose customer workflow ID: customer-17279
	--> Signaling to add 36 points
	--> Signal workflow succeeded
	--> End of cycle; sleeping
Chose customer workflow ID: customer-22280
	--> Signaling to add 49 points
	--> Signal workflow succeeded
	--> End of cycle; sleeping
Chose customer workflow ID: customer-17279
	--> Signaling to add 92 points
	--> Signal workflow succeeded
	--> End of cycle; sleeping
Chose customer workflow ID: customer-2
	--> Signaling to add 18 points
	--> Signal workflow succeeded
	--> End of cycle; sleeping
Chose customer workflow ID: customer-18446
	--> Signaling to add 92 points
	--> Signal workflow succeeded
	--> End of cycle; sleeping
Chose customer workflow ID: customer-1554
	--> Signaling to add 4 points
	--> Signal workflow succeeded
	--> End of cycle; sleeping
Chose customer workflow ID: customer-22280
	--> Signaling to add 56 points
	--> Signal workflow succeeded
	--> Signaling to invite guest with ID 3302
	--> Signal workflow succeeded
	--> End of cycle; sleeping
Chose customer workflow ID: customer-31743
	--> Signaling to add 59 points
	--> Signal workflow succeeded
	--> End of cycle; sleeping
Chose customer workflow ID: customer-626
	--> Signaling to add 54 points
	--> Signal workflow succeeded
	--> End of cycle; sleeping
Chose customer workflow ID: customer-18446
	--> Signaling to add 8 points
	--> Signal workflow succeeded
	--> End of cycle; sleeping
Chose customer workflow ID: customer-626
	--> Signaling to add 87 points
	--> Signal workflow succeeded
	--> End of cycle; sleeping
Chose customer workflow ID: customer-22199
	--> Signaling to add 10 points
	--> Signal workflow succeeded
	--> End of cycle; sleeping
Chose customer workflow ID: customer-1554
	--> Signaling to add 23 points
	--> Signal workflow succeeded
	--> End of cycle; sleeping
Chose customer workflow ID: customer-17279
	--> Signaling to add 82 points
	--> Signal workflow succeeded
	--> End of cycle; sleeping
Chose customer workflow ID: customer-18446
	--> Signaling to add 78 points
	--> Signal workflow succeeded
	--> End of cycle; sleeping
Chose customer workflow ID: customer-18446
	--> Signaling to add 39 points
	--> Signal workflow succeeded
	--> End of cycle; sleeping
Chose customer workflow ID: customer-2
	--> Signaling to add 94 points
	--> Signal workflow succeeded
	--> End of cycle; sleeping
Chose customer workflow ID: customer-2
	--> Signaling to add 78 points
	--> Signal workflow succeeded
	--> End of cycle; sleeping
Chose customer workflow ID: customer-2
	--> Signaling to add 21 points
	--> Signal workflow succeeded
	--> End of cycle; sleeping
Chose customer workflow ID: customer-17910
	--> Signaling to add 19 points
	--> Signal workflow succeeded
	--> End of cycle; sleeping
Chose customer workflow ID: customer-31743
	--> Signaling to add 79 points
	--> Signal workflow succeeded
	--> Signaling to invite guest with ID 15853
	--> Signal workflow succeeded
	--> End of cycle; sleeping
Chose customer workflow ID: customer-4819
	--> Signaling to add 93 points
	--> Signal workflow succeeded
	--> End of cycle; sleeping
Chose customer workflow ID: customer-17279
	--> Signaling to add 27 points
	--> Signal workflow succeeded
	--> End of cycle; sleeping
Chose customer workflow ID: customer-17910
	--> Signaling to add 76 points
	--> Signal workflow succeeded
	--> End of cycle; sleeping
Chose customer workflow ID: customer-2
	--> Signaling to add 36 points
	--> Signal workflow succeeded
	--> End of cycle; sleeping
Chose customer workflow ID: customer-25726
	--> Signaling to add 99 points
	--> Signal workflow succeeded
	--> End of cycle; sleeping
Chose customer workflow ID: customer-17910
	--> Signaling to add 87 points
	--> Signal workflow succeeded
	--> End of cycle; sleeping
Chose customer workflow ID: customer-31743
	--> Signaling to add 31 points
	--> Signal workflow succeeded
	--> End of cycle; sleeping
Chose customer workflow ID: customer-123
	--> Signaling to add 39 points
	--> Signal workflow succeeded
	--> End of cycle; sleeping
Chose customer workflow ID: customer-3302
	--> Signaling to add 88 points
	--> Signal workflow succeeded
	--> End of cycle; sleeping
Chose customer workflow ID: customer-17910
	--> Signaling to add 15 points
	--> Signal workflow succeeded
	--> End of cycle; sleeping
Chose customer workflow ID: customer-4819
	--> Signaling to add 2 points
	--> Signal workflow succeeded
	--> End of cycle; sleeping
Chose customer workflow ID: customer-18446
	--> Signaling to add 59 points
	--> Signal workflow succeeded
	--> End of cycle; sleeping
Chose customer workflow ID: customer-17910
	--> Signaling to add 15 points
	--> Signal workflow succeeded
	--> End of cycle; sleeping
Chose customer workflow ID: customer-3302
	--> Signaling to add 34 points
	--> Signal workflow succeeded
	--> End of cycle; sleeping
Chose customer workflow ID: customer-2
	--> Signaling to add 98 points
	--> Signal workflow succeeded
	--> End of cycle; sleeping
Chose customer workflow ID: customer-17910
	--> Signaling to add 58 points
	--> Signal workflow succeeded
	--> End of cycle; sleeping
Chose customer workflow ID: customer-1554
	--> Signaling to add 28 points
	--> Signal workflow succeeded
	--> End of cycle; sleeping
Chose customer workflow ID: customer-1554
	--> Signaling to add 17 points
	--> Signal workflow succeeded
	--> End of cycle; sleeping
Chose customer workflow ID: customer-22199
	--> Signaling to add 45 points
	--> Signal workflow succeeded
	--> End of cycle; sleeping
Chose customer workflow ID: customer-11021
	--> Signaling to add 84 points
	--> Signal workflow succeeded
	--> End of cycle; sleeping
Chose customer workflow ID: customer-11021
	--> Signaling to add 50 points
	--> Signal workflow succeeded
	--> End of cycle; sleeping
Chose customer workflow ID: customer-17279
	--> Signaling to add 67 points
	--> Signal workflow succeeded
	--> End of cycle; sleeping
Chose customer workflow ID: customer-22280
	--> Signaling to add 23 points
	--> Signal workflow succeeded
	--> End of cycle; sleeping
Chose customer workflow ID: customer-17910
	--> Signaling to add 40 points
	--> Signal workflow succeeded
	--> End of cycle; sleeping
Chose customer workflow ID: customer-17910
	--> Signaling to add 67 points
	--> Signal workflow succeeded
	--> End of cycle; sleeping
Chose customer workflow ID: customer-18446
	--> Signaling to add 11 points
	--> Signal workflow succeeded
	--> End of cycle; sleeping
Chose customer workflow ID: customer-17279
	--> Signaling to add 44 points
	--> Signal workflow succeeded
	--> End of cycle; sleeping
Chose customer workflow ID: customer-31743
	--> Signaling to add 90 points
	--> Signal workflow succeeded
	--> End of cycle; sleeping
Chose customer workflow ID: customer-1554
	--> Signaling to add 8 points
	--> Signal workflow succeeded
	--> End of cycle; sleeping
Chose customer workflow ID: customer-2
	--> Signaling to add 52 points
	--> Signal workflow succeeded
	--> End of cycle; sleeping
Chose customer workflow ID: customer-11021
	--> Signaling to add 96 points
	--> Signal workflow succeeded
	--> End of cycle; sleeping
Chose customer workflow ID: customer-15853
	--> Signaling to add 9 points
	--> Signal workflow succeeded
	--> End of cycle; sleeping
Chose customer workflow ID: customer-18446
	--> Signaling to add 70 points
	--> Signal workflow succeeded
	--> End of cycle; sleeping
Chose customer workflow ID: customer-25726
	--> Signaling to add 10 points
	--> Signal workflow succeeded
	--> End of cycle; sleeping
Chose customer workflow ID: customer-22199
	--> Signaling to add 94 points
	--> Signal workflow succeeded
	--> End of cycle; sleeping
Chose customer workflow ID: customer-2
	--> Signaling to add 1 points
	--> Signal workflow succeeded
	--> End of cycle; sleeping
Chose customer workflow ID: customer-22199
	--> Signaling to add 38 points
	--> Signal workflow succeeded
	--> End of cycle; sleeping
Chose customer workflow ID: customer-17279
	--> Signaling to add 47 points
	--> Signal workflow succeeded
	--> End of cycle; sleeping
Chose customer workflow ID: customer-1554
	--> Signaling to add 60 points
	--> Signal workflow succeeded
	--> End of cycle; sleeping
Chose customer workflow ID: customer-22280
	--> Signaling to add 96 points
	--> Signal workflow succeeded
	--> End of cycle; sleeping
Chose customer workflow ID: customer-4819
	--> Signaling to add 37 points
	--> Signal workflow succeeded
	--> End of cycle; sleeping
Chose customer workflow ID: customer-17279
	--> Signaling to add 82 points
	--> Signal workflow succeeded
	--> End of cycle; sleeping
Chose customer workflow ID: customer-18446
	--> Signaling to add 89 points
	--> Signal workflow succeeded
	--> End of cycle; sleeping
Chose customer workflow ID: customer-3302
	--> Signaling to add 82 points
	--> Signal workflow succeeded
	--> End of cycle; sleeping
Chose customer workflow ID: customer-15853
	--> Signaling to add 53 points
	--> Signal workflow succeeded
	--> End of cycle; sleeping
Chose customer workflow ID: customer-11021
	--> Signaling to add 75 points
	--> Signal workflow succeeded
	--> End of cycle; sleeping
Chose customer workflow ID: customer-2
	--> Signaling to add 49 points
	--> Signal workflow succeeded
	--> End of cycle; sleeping
Chose customer workflow ID: customer-22280
	--> Signaling to add 72 points
	--> Signal workflow succeeded
	--> End of cycle; sleeping
Chose customer workflow ID: customer-15853
	--> Signaling to add 17 points
	--> Signal workflow succeeded
	--> End of cycle; sleeping
Chose customer workflow ID: customer-31743
	--> Signaling to add 63 points
	--> Signal workflow succeeded
	--> End of cycle; sleeping
Chose customer workflow ID: customer-2
	--> Signaling to add 68 points
	--> Signal workflow succeeded
	--> End of cycle; sleeping
Chose customer workflow ID: customer-3302
	--> Signaling to add 3 points
	--> Signal workflow succeeded
	--> End of cycle; sleeping
Chose customer workflow ID: customer-17279
	--> Signaling to add 92 points
	--> Signal workflow succeeded
	--> End of cycle; sleeping
Chose customer workflow ID: customer-626
	--> Signaling to add 23 points
	--> Signal workflow succeeded
	--> End of cycle; sleeping
Chose customer workflow ID: customer-626
	--> Signaling to add 1 points
	--> Signal workflow succeeded
	--> End of cycle; sleeping
Chose customer workflow ID: customer-22199
	--> Signaling to add 94 points
	--> Signal workflow succeeded
	--> End of cycle; sleeping
Chose customer workflow ID: customer-123
	--> Signaling to add 71 points
	--> Signal workflow succeeded
	--> End of cycle; sleeping
Chose customer workflow ID: customer-31743
	--> Signaling to add 69 points
	--> Signal workflow succeeded
	--> End of cycle; sleeping
Chose customer workflow ID: customer-22280
	--> Signaling to add 40 points
	--> Signal workflow succeeded
	--> End of cycle; sleeping
Chose customer workflow ID: customer-1554
	--> Signaling to add 33 points
	--> Signal workflow succeeded
	--> End of cycle; sleeping
Chose customer workflow ID: customer-25726
	--> Signaling to add 13 points
	--> Signal workflow succeeded
	--> End of cycle; sleeping
Chose customer workflow ID: customer-123
	--> Signaling to add 32 points
	--> Signal workflow succeeded
	--> End of cycle; sleeping
Chose customer workflow ID: customer-31743
	--> Signaling to add 16 points
	--> Signal workflow succeeded
	--> End of cycle; sleeping
Chose customer workflow ID: customer-22199
	--> Signaling to add 89 points
	--> Signal workflow succeeded
	--> End of cycle; sleeping
Chose customer workflow ID: customer-3302
	--> Signaling to add 30 points
	--> Signal workflow succeeded
	--> End of cycle; sleeping
Chose customer workflow ID: customer-15853
	--> Signaling to add 11 points
	--> Signal workflow succeeded
	--> End of cycle; sleeping
Chose customer workflow ID: customer-17279
	--> Signaling to add 4 points
	--> Signal workflow succeeded
	--> End of cycle; sleeping
Chose customer workflow ID: customer-2
	--> Signaling to add 95 points
	--> Signal workflow succeeded
	--> End of cycle; sleeping
Chose customer workflow ID: customer-25726
	--> Signaling to add 24 points
	--> Signal workflow succeeded
	--> End of cycle; sleeping
Chose customer workflow ID: customer-22280
	--> Signaling to add 87 points
	--> Signal workflow succeeded
	--> End of cycle; sleeping
Chose customer workflow ID: customer-2
	--> Signaling to add 89 points
	--> Signal workflow succeeded
	--> End of cycle; sleeping
Chose customer workflow ID: customer-2
	--> Signaling to add 27 points
	--> Signal workflow succeeded
	--> End of cycle; sleeping
Chose customer workflow ID: customer-123
	--> Signaling to add 85 points
	--> Signal workflow succeeded
	--> End of cycle; sleeping
Chose customer workflow ID: customer-22280
	--> Signaling to add 85 points
	--> Signal workflow succeeded
	--> End of cycle; sleeping
Chose customer workflow ID: customer-22199
	--> Signaling to add 52 points
	--> Signal workflow succeeded
	--> End of cycle; sleeping
Chose customer workflow ID: customer-4819
	--> Signaling to add 43 points
	--> Signal workflow succeeded
	--> End of cycle; sleeping
Chose customer workflow ID: customer-2
	--> Signaling to add 11 points
	--> Signal workflow succeeded
	--> End of cycle; sleeping
Chose customer workflow ID: customer-2
	--> Signaling to add 95 points
	--> Signal workflow succeeded
	--> End of cycle; sleeping
Chose customer workflow ID: customer-17910
	--> Signaling to add 89 points
	--> Signal workflow succeeded
	--> End of cycle; sleeping
Chose customer workflow ID: 
	--> Signaling to add 63 points
	--> 	--> End of cycle; sleeping
Chose customer workflow ID: 
	--> Signaling to add 31 points
	--> 	--> End of cycle; sleeping
Chose customer workflow ID: 
	--> Signaling to add 64 points
	--> 	--> End of cycle; sleeping
Chose customer workflow ID: 
	--> Signaling to add 30 points
	--> 	--> End of cycle; sleeping
Chose customer workflow ID: 
	--> Signaling to add 15 points
	--> 	--> End of cycle; sleeping
Chose customer workflow ID: 
	--> Signaling to add 67 points
	--> 	--> End of cycle; sleeping
Chose customer workflow ID: 
	--> Signaling to add 15 points
	--> 	--> End of cycle; sleeping
Chose customer workflow ID: 
	--> Signaling to add 77 points
	--> 	--> End of cycle; sleeping
Chose customer workflow ID: 
	--> Signaling to add 94 points
	--> 	--> End of cycle; sleeping
Chose customer workflow ID: 
	--> Signaling to add 8 points
	--> 	--> End of cycle; sleeping
Chose customer workflow ID: 
	--> Signaling to add 57 points
	--> 	--> End of cycle; sleeping
Chose customer workflow ID: 
	--> Signaling to add 26 points
	--> 	--> End of cycle; sleeping
Chose customer workflow ID: 
	--> Signaling to add 95 points
	--> 	--> End of cycle; sleeping
Chose customer workflow ID: 
	--> Signaling to add 50 points
	--> 	--> End of cycle; sleeping
Chose customer workflow ID: 
	--> Signaling to add 50 points
	--> 	--> End of cycle; sleeping
Chose customer workflow ID: 
	--> Signaling to add 9 points
	--> 	--> End of cycle; sleeping
Chose customer workflow ID: 
	--> Signaling to add 31 points
	--> 	--> End of cycle; sleeping
Chose customer workflow ID: 
	--> Signaling to add 54 points
	--> 	--> End of cycle; sleeping
Chose customer workflow ID: 
	--> Signaling to add 13 points
	--> 	--> End of cycle; sleeping
Chose customer workflow ID: 
	--> Signaling to add 90 points
	--> 	--> End of cycle; sleeping
Chose customer workflow ID: 
	--> Signaling to add 32 points
	--> 	--> End of cycle; sleeping
Chose customer workflow ID: 
	--> Signaling to add 66 points
	--> 	--> End of cycle; sleeping
Chose customer workflow ID: 
	--> Signaling to add 73 points
	--> 	--> End of cycle; sleeping
Chose customer workflow ID: 
	--> Signaling to add 17 points
	--> 	--> End of cycle; sleeping
Chose customer workflow ID: 
	--> Signaling to add 67 points
	--> 	--> End of cycle; sleeping
Chose customer workflow ID: 
	--> Signaling to add 99 points
	--> 	--> End of cycle; sleeping
Chose customer workflow ID: 
	--> Signaling to add 54 points
	--> 	--> End of cycle; sleeping
Chose customer workflow ID: 
	--> Signaling to add 91 points
	--> 	--> End of cycle; sleeping
Chose customer workflow ID: 
	--> Signaling to add 76 points
	--> 	--> End of cycle; sleeping
Chose customer workflow ID: 
	--> Signaling to add 39 points
	--> 	--> End of cycle; sleeping
Chose customer workflow ID: 
	--> Signaling to add 38 points
	--> 	--> End of cycle; sleeping
Chose customer workflow ID: 
	--> Signaling to add 54 points
	--> 	--> End of cycle; sleeping
Chose customer workflow ID: 
	--> Signaling to add 60 points
	--> 	--> End of cycle; sleeping
Chose customer workflow ID: 
	--> Signaling to add 50 points
	--> 	--> End of cycle; sleeping
Chose customer workflow ID: 
	--> Signaling to add 51 points
	--> 	--> End of cycle; sleeping
Chose customer workflow ID: 
	--> Signaling to add 92 points
	--> 	--> End of cycle; sleeping
Chose customer workflow ID: 
	--> Signaling to add 30 points
	--> 	--> End of cycle; sleeping
Chose customer workflow ID: 
	--> Signaling to add 96 points
	--> 	--> End of cycle; sleeping
Chose customer workflow ID: customer-1
	--> Signaling to add 53 points
	--> Signal workflow succeeded
	--> End of cycle; sleeping
Chose customer workflow ID: customer-1
	--> Signaling to add 95 points
	--> Signal workflow succeeded
	--> End of cycle; sleeping
Chose customer workflow ID: customer-1
	--> Signaling to add 3 points
	--> Signal workflow succeeded
	--> End of cycle; sleeping
Chose customer workflow ID: customer-1
	--> Signaling to add 98 points
	--> Signal workflow succeeded
	--> End of cycle; sleeping
Chose customer workflow ID: customer-1
	--> Signaling to add 12 points
	--> Signal workflow succeeded
	--> End of cycle; sleeping
Chose customer workflow ID: customer-1
	--> Signaling to add 35 points
	--> Signal workflow succeeded
	--> End of cycle; sleeping
Chose customer workflow ID: customer-1
	--> Signaling to add 68 points
	--> Signal workflow succeeded
	--> Signaling to invite guest with ID 16939
	--> Signal workflow succeeded
	--> End of cycle; sleeping
Chose customer workflow ID: customer-1
	--> Signaling to add 38 points
	--> Signal workflow succeeded
	--> End of cycle; sleeping
Chose customer workflow ID: customer-1
	--> Signaling to add 46 points
	--> Signal workflow succeeded
	--> End of cycle; sleeping
Chose customer workflow ID: customer-1
	--> Signaling to add 98 points
	--> Signal workflow succeeded
	--> End of cycle; sleeping
Chose customer workflow ID: customer-1
	--> Signaling to add 52 points
	--> Signal workflow succeeded
	--> End of cycle; sleeping
Chose customer workflow ID: customer-1
	--> Signaling to add 74 points
	--> Signal workflow succeeded
	--> End of cycle; sleeping
Chose customer workflow ID: customer-1
	--> Signaling to add 89 points
	--> Signal workflow succeeded
	--> End of cycle; sleeping
Chose customer workflow ID: customer-1
	--> Signaling to add 76 points
	--> Signal workflow succeeded
	--> End of cycle; sleeping
Chose customer workflow ID: customer-1
	--> Signaling to add 2 points
	--> Signal workflow succeeded
	--> End of cycle; sleeping
Chose customer workflow ID: customer-1
	--> Signaling to add 60 points
	--> Signal workflow succeeded
	--> End of cycle; sleeping
Chose customer workflow ID: customer-1
	--> Signaling to add 37 points
	--> Signal workflow succeeded
	--> End of cycle; sleeping
Chose customer workflow ID: customer-1
	--> Signaling to add 54 points
	--> Signal workflow succeeded
	--> End of cycle; sleeping
Chose customer workflow ID: customer-1
	--> Signaling to add 7 points
	--> Signal workflow succeeded
	--> End of cycle; sleeping
Chose customer workflow ID: customer-1
	--> Signaling to add 49 points
	--> Signal workflow succeeded
	--> End of cycle; sleeping
Chose customer workflow ID: customer-1
	--> Signaling to add 99 points
	--> Signal workflow succeeded
	--> End of cycle; sleeping
Chose customer workflow ID: customer-1
	--> Signaling to add 20 points
	--> Signal workflow succeeded
	--> End of cycle; sleeping
Chose customer workflow ID: customer-1
	--> Signaling to add 27 points
	--> Signal workflow succeeded
	--> End of cycle; sleeping
Chose customer workflow ID: customer-1
	--> Signaling to add 52 points
	--> Signal workflow succeeded
	--> End of cycle; sleeping
Chose customer workflow ID: customer-1
	--> Signaling to add 58 points
	--> Signal workflow succeeded
	--> End of cycle; sleeping
Chose customer workflow ID: customer-1
	--> Signaling to add 39 points
	--> Signal workflow succeeded
	--> End of cycle; sleeping
Chose customer workflow ID: customer-1
	--> Signaling to add 34 points
	--> Signal workflow succeeded
	--> End of cycle; sleeping
Chose customer workflow ID: customer-1
	--> Signaling to add 44 points
	--> Signal workflow succeeded
	--> End of cycle; sleeping
Chose customer workflow ID: customer-1
	--> Signaling to add 9 points
	--> Signal workflow succeeded
	--> End of cycle; sleeping
Chose customer workflow ID: customer-1
	--> Signaling to add 33 points
	--> Signal workflow succeeded
	--> End of cycle; sleeping
Chose customer workflow ID: customer-1
	--> Signaling to add 60 points
	--> Signal workflow succeeded
	--> End of cycle; sleeping
Chose customer workflow ID: customer-1
	--> Signaling to add 13 points
	--> Signal workflow succeeded
	--> End of cycle; sleeping
Chose customer workflow ID: customer-1
	--> Signaling to add 8 points
	--> Signal workflow succeeded
	--> End of cycle; sleeping
Chose customer workflow ID: customer-1
	--> Signaling to add 60 points
	--> Signal workflow succeeded
	--> End of cycle; sleeping
Chose customer workflow ID: customer-1
	--> Signaling to add 48 points
	--> Signal workflow succeeded
	--> End of cycle; sleeping
Chose customer workflow ID: customer-1
	--> Signaling to add 98 points
	--> Signal workflow succeeded
	--> End of cycle; sleeping
Chose customer workflow ID: customer-1
	--> Signaling to add 20 points
	--> Signal workflow succeeded
	--> Signaling to invite guest with ID 25172
	--> Signal workflow succeeded
	--> End of cycle; sleeping
Chose customer workflow ID: customer-1
	--> Signaling to add 8 points
	--> Signal workflow succeeded
	--> End of cycle; sleeping
Chose customer workflow ID: customer-25172
	--> Signaling to add 54 points
	--> Signal workflow succeeded
	--> End of cycle; sleeping
Chose customer workflow ID: customer-1
	--> Signaling to add 78 points
	--> Signal workflow succeeded
	--> End of cycle; sleeping
Chose customer workflow ID: customer-25172
	--> Signaling to add 82 points
	--> Signal workflow succeeded
	--> End of cycle; sleeping
Chose customer workflow ID: customer-1
	--> Signaling to add 65 points
	--> Signal workflow succeeded
	--> End of cycle; sleeping
